<?xml version="1.0" encoding="UTF-8"?>
<!-- Generated by org.testng.reporters.JUnitReportReporter -->
<testsuite hostname="glb-Akil" failures="0" tests="2" name="attendancefeature.EMPMonitor.CheckinandCheckout" time="25.688" errors="0" timestamp="2025-03-19T15:44:58 IST" skipped="0">
  <testcase classname="attendancefeature.EMPMonitor.CheckinandCheckout" name="checkin" time="18.785"/>
  <testcase classname="attendancefeature.EMPMonitor.CheckinandCheckout" name="checkout" time="6.903"/>
</testsuite> <!-- attendancefeature.EMPMonitor.CheckinandCheckout -->
